{"C:\\Users\\a1exss\\Documents\\Websites\\React-Course\\src\\entities\\User\\model\\slice\\userSlice.ts": {"path":"C:\\Users\\a1exss\\Documents\\Websites\\React-Course\\src\\entities\\User\\model\\slice\\userSlice.ts","statementMap":{"0":{"start":{"line":9,"column":33},"end":{"line":11,"column":1}},"1":{"start":{"line":13,"column":25},"end":{"line":34,"column":2}},"2":{"start":{"line":18,"column":9},"end":{"line":18,"column":40}},"3":{"start":{"line":21,"column":21},"end":{"line":21,"column":60}},"4":{"start":{"line":22,"column":22},"end":{"line":22,"column":94}},"5":{"start":{"line":23,"column":9},"end":{"line":25,"column":10}},"6":{"start":{"line":24,"column":12},"end":{"line":24,"column":33}},"7":{"start":{"line":26,"column":9},"end":{"line":26,"column":29}},"8":{"start":{"line":29,"column":9},"end":{"line":29,"column":36}},"9":{"start":{"line":30,"column":9},"end":{"line":30,"column":51}},"10":{"start":{"line":37,"column":40},"end":{"line":37,"column":49}},"11":{"start":{"line":39,"column":40},"end":{"line":39,"column":49}}},"fnMap":{"0":{"name":"(anonymous_0)","decl":{"start":{"line":17,"column":19},"end":{"line":17,"column":20}},"loc":{"start":{"line":17,"column":38},"end":{"line":19,"column":7}},"line":17},"1":{"name":"(anonymous_1)","decl":{"start":{"line":20,"column":16},"end":{"line":20,"column":17}},"loc":{"start":{"line":20,"column":27},"end":{"line":27,"column":7}},"line":20},"2":{"name":"(anonymous_2)","decl":{"start":{"line":28,"column":17},"end":{"line":28,"column":18}},"loc":{"start":{"line":28,"column":28},"end":{"line":31,"column":7}},"line":28}},"branchMap":{"0":{"loc":{"start":{"line":22,"column":22},"end":{"line":22,"column":94}},"type":"cond-expr","locations":[{"start":{"line":22,"column":28},"end":{"line":22,"column":89}},{"start":{"line":22,"column":92},"end":{"line":22,"column":94}}],"line":22},"1":{"loc":{"start":{"line":23,"column":9},"end":{"line":25,"column":10}},"type":"if","locations":[{"start":{"line":23,"column":9},"end":{"line":25,"column":10}},{"start":{},"end":{}}],"line":23}},"s":{"0":1,"1":1,"2":1,"3":1,"4":1,"5":1,"6":0,"7":1,"8":1,"9":1,"10":1,"11":1},"f":{"0":1,"1":1,"2":1},"b":{"0":[0,1],"1":[0,1]},"_coverageSchema":"1a1c01bbd47fc00a2c39e90264f33305004495a9","hash":"848b37261c94af0b76396a32cb2635a012d349f9"}
,"C:\\Users\\a1exss\\Documents\\Websites\\React-Course\\src\\shered\\consts\\localStorageKey.ts": {"path":"C:\\Users\\a1exss\\Documents\\Websites\\React-Course\\src\\shered\\consts\\localStorageKey.ts","statementMap":{"0":{"start":{"line":1,"column":33},"end":{"line":1,"column":39}}},"fnMap":{},"branchMap":{},"s":{"0":1},"f":{},"b":{},"_coverageSchema":"1a1c01bbd47fc00a2c39e90264f33305004495a9","hash":"0748eeb97c8bad6dcbec7c14a9a8759e4876a1e5"}
}
