{"C:\\Users\\a1exss\\Documents\\Websites\\React-Course\\src\\app\\providers\\StoreProvider\\index.ts": {"path":"C:\\Users\\a1exss\\Documents\\Websites\\React-Course\\src\\app\\providers\\StoreProvider\\index.ts","statementMap":{},"fnMap":{},"branchMap":{},"s":{},"f":{},"b":{},"_coverageSchema":"1a1c01bbd47fc00a2c39e90264f33305004495a9","hash":"dda3700f7a9c90f32c58a2709c5e749321c6e312"}
,"C:\\Users\\a1exss\\Documents\\Websites\\React-Course\\src\\app\\providers\\StoreProvider\\config\\store.ts": {"path":"C:\\Users\\a1exss\\Documents\\Websites\\React-Course\\src\\app\\providers\\StoreProvider\\config\\store.ts","statementMap":{"0":{"start":{"line":7,"column":3},"end":{"line":13,"column":5}}},"fnMap":{"0":{"name":"createReduxStore","decl":{"start":{"line":6,"column":16},"end":{"line":6,"column":32}},"loc":{"start":{"line":6,"column":61},"end":{"line":14,"column":1}},"line":6}},"branchMap":{},"s":{"0":2},"f":{"0":2},"b":{},"_coverageSchema":"1a1c01bbd47fc00a2c39e90264f33305004495a9","hash":"8ab33b8f29d9c41fe96b6f3254090d7346446e86"}
,"C:\\Users\\a1exss\\Documents\\Websites\\React-Course\\src\\app\\providers\\StoreProvider\\schema\\StateSchema.ts": {"path":"C:\\Users\\a1exss\\Documents\\Websites\\React-Course\\src\\app\\providers\\StoreProvider\\schema\\StateSchema.ts","statementMap":{},"fnMap":{},"branchMap":{},"s":{},"f":{},"b":{},"_coverageSchema":"1a1c01bbd47fc00a2c39e90264f33305004495a9","hash":"86553ef1c72b2ff5d63de04fb26915b4af656ea9"}
,"C:\\Users\\a1exss\\Documents\\Websites\\React-Course\\src\\app\\providers\\StoreProvider\\ui\\StoreProvider.tsx": {"path":"C:\\Users\\a1exss\\Documents\\Websites\\React-Course\\src\\app\\providers\\StoreProvider\\ui\\StoreProvider.tsx","statementMap":{"0":{"start":{"line":11,"column":29},"end":{"line":20,"column":1}},"1":{"start":{"line":13,"column":17},"end":{"line":13,"column":62}},"2":{"start":{"line":15,"column":3},"end":{"line":19,"column":4}}},"fnMap":{"0":{"name":"(anonymous_0)","decl":{"start":{"line":11,"column":29},"end":{"line":11,"column":30}},"loc":{"start":{"line":11,"column":81},"end":{"line":20,"column":1}},"line":11}},"branchMap":{},"s":{"0":1,"1":2,"2":2},"f":{"0":2},"b":{},"_coverageSchema":"1a1c01bbd47fc00a2c39e90264f33305004495a9","hash":"393e3e4c15bd3c3d776e4005f2ae120591497303"}
,"C:\\Users\\a1exss\\Documents\\Websites\\React-Course\\src\\entities\\Counter\\index.ts": {"path":"C:\\Users\\a1exss\\Documents\\Websites\\React-Course\\src\\entities\\Counter\\index.ts","statementMap":{},"fnMap":{},"branchMap":{},"s":{},"f":{},"b":{},"_coverageSchema":"1a1c01bbd47fc00a2c39e90264f33305004495a9","hash":"e8de1f78a375bdc8096ed5fefe3e21640bba67c4"}
,"C:\\Users\\a1exss\\Documents\\Websites\\React-Course\\src\\entities\\Counter\\model\\selectors\\getCounter\\getCounter.ts": {"path":"C:\\Users\\a1exss\\Documents\\Websites\\React-Course\\src\\entities\\Counter\\model\\selectors\\getCounter\\getCounter.ts","statementMap":{"0":{"start":{"line":3,"column":26},"end":{"line":3,"column":63}},"1":{"start":{"line":3,"column":50},"end":{"line":3,"column":63}}},"fnMap":{"0":{"name":"(anonymous_0)","decl":{"start":{"line":3,"column":26},"end":{"line":3,"column":27}},"loc":{"start":{"line":3,"column":50},"end":{"line":3,"column":63}},"line":3}},"branchMap":{},"s":{"0":1,"1":4},"f":{"0":4},"b":{},"_coverageSchema":"1a1c01bbd47fc00a2c39e90264f33305004495a9","hash":"eede739f17acec544a9c630cbafce22d73b31c35"}
,"C:\\Users\\a1exss\\Documents\\Websites\\React-Course\\src\\entities\\Counter\\model\\selectors\\getCounterValue\\getCounterValue.ts": {"path":"C:\\Users\\a1exss\\Documents\\Websites\\React-Course\\src\\entities\\Counter\\model\\selectors\\getCounterValue\\getCounterValue.ts","statementMap":{"0":{"start":{"line":4,"column":31},"end":{"line":7,"column":1}},"1":{"start":{"line":6,"column":16},"end":{"line":6,"column":29}}},"fnMap":{"0":{"name":"(anonymous_0)","decl":{"start":{"line":6,"column":3},"end":{"line":6,"column":4}},"loc":{"start":{"line":6,"column":16},"end":{"line":6,"column":29}},"line":6}},"branchMap":{},"s":{"0":1,"1":4},"f":{"0":4},"b":{},"_coverageSchema":"1a1c01bbd47fc00a2c39e90264f33305004495a9","hash":"3ec01e9f67cf6fa44d4a0b7f70aa36b60ebdf975"}
,"C:\\Users\\a1exss\\Documents\\Websites\\React-Course\\src\\entities\\Counter\\model\\slice\\counterSlice.ts": {"path":"C:\\Users\\a1exss\\Documents\\Websites\\React-Course\\src\\entities\\Counter\\model\\slice\\counterSlice.ts","statementMap":{"0":{"start":{"line":8,"column":36},"end":{"line":10,"column":1}},"1":{"start":{"line":12,"column":28},"end":{"line":24,"column":2}},"2":{"start":{"line":17,"column":9},"end":{"line":17,"column":25}},"3":{"start":{"line":20,"column":9},"end":{"line":20,"column":25}},"4":{"start":{"line":27,"column":43},"end":{"line":27,"column":55}},"5":{"start":{"line":29,"column":43},"end":{"line":29,"column":55}}},"fnMap":{"0":{"name":"(anonymous_0)","decl":{"start":{"line":16,"column":17},"end":{"line":16,"column":18}},"loc":{"start":{"line":16,"column":28},"end":{"line":18,"column":7}},"line":16},"1":{"name":"(anonymous_1)","decl":{"start":{"line":19,"column":17},"end":{"line":19,"column":18}},"loc":{"start":{"line":19,"column":28},"end":{"line":21,"column":7}},"line":19}},"branchMap":{},"s":{"0":1,"1":1,"2":1,"3":1,"4":1,"5":1},"f":{"0":1,"1":1},"b":{},"_coverageSchema":"1a1c01bbd47fc00a2c39e90264f33305004495a9","hash":"1e5048551583c1c13ddb485286a30c6049390094"}
,"C:\\Users\\a1exss\\Documents\\Websites\\React-Course\\src\\entities\\Counter\\model\\types\\counterSchema.ts": {"path":"C:\\Users\\a1exss\\Documents\\Websites\\React-Course\\src\\entities\\Counter\\model\\types\\counterSchema.ts","statementMap":{},"fnMap":{},"branchMap":{},"s":{},"f":{},"b":{},"_coverageSchema":"1a1c01bbd47fc00a2c39e90264f33305004495a9","hash":"71b65964e7fa5e55ffbc865995228f08fdad9d05"}
,"C:\\Users\\a1exss\\Documents\\Websites\\React-Course\\src\\entities\\Counter\\ui\\Counter.tsx": {"path":"C:\\Users\\a1exss\\Documents\\Websites\\React-Course\\src\\entities\\Counter\\ui\\Counter.tsx","statementMap":{"0":{"start":{"line":7,"column":23},"end":{"line":26,"column":1}},"1":{"start":{"line":9,"column":20},"end":{"line":9,"column":33}},"2":{"start":{"line":10,"column":17},"end":{"line":10,"column":45}},"3":{"start":{"line":12,"column":21},"end":{"line":14,"column":4}},"4":{"start":{"line":13,"column":6},"end":{"line":13,"column":42}},"5":{"start":{"line":15,"column":21},"end":{"line":17,"column":4}},"6":{"start":{"line":16,"column":6},"end":{"line":16,"column":42}},"7":{"start":{"line":19,"column":3},"end":{"line":25,"column":4}}},"fnMap":{"0":{"name":"(anonymous_0)","decl":{"start":{"line":7,"column":23},"end":{"line":7,"column":24}},"loc":{"start":{"line":7,"column":29},"end":{"line":26,"column":1}},"line":7},"1":{"name":"(anonymous_1)","decl":{"start":{"line":12,"column":21},"end":{"line":12,"column":22}},"loc":{"start":{"line":12,"column":27},"end":{"line":14,"column":4}},"line":12},"2":{"name":"(anonymous_2)","decl":{"start":{"line":15,"column":21},"end":{"line":15,"column":22}},"loc":{"start":{"line":15,"column":27},"end":{"line":17,"column":4}},"line":15}},"branchMap":{},"s":{"0":1,"1":4,"2":4,"3":4,"4":1,"5":4,"6":1,"7":4},"f":{"0":4,"1":1,"2":1},"b":{},"_coverageSchema":"1a1c01bbd47fc00a2c39e90264f33305004495a9","hash":"098a196727bdcc564cb9f1206b195a19418e2bdb"}
,"C:\\Users\\a1exss\\Documents\\Websites\\React-Course\\src\\shered\\lib\\classNames\\classNames.ts": {"path":"C:\\Users\\a1exss\\Documents\\Websites\\React-Course\\src\\shered\\lib\\classNames\\classNames.ts","statementMap":{"0":{"start":{"line":5,"column":3},"end":{"line":11,"column":50}},"1":{"start":{"line":8,"column":33},"end":{"line":8,"column":47}},"2":{"start":{"line":9,"column":28},"end":{"line":9,"column":31}},"3":{"start":{"line":11,"column":20},"end":{"line":11,"column":39}}},"fnMap":{"0":{"name":"classNames","decl":{"start":{"line":3,"column":16},"end":{"line":3,"column":26}},"loc":{"start":{"line":3,"column":84},"end":{"line":12,"column":1}},"line":3},"1":{"name":"(anonymous_1)","decl":{"start":{"line":8,"column":17},"end":{"line":8,"column":18}},"loc":{"start":{"line":8,"column":33},"end":{"line":8,"column":47}},"line":8},"2":{"name":"(anonymous_2)","decl":{"start":{"line":9,"column":14},"end":{"line":9,"column":15}},"loc":{"start":{"line":9,"column":28},"end":{"line":9,"column":31}},"line":9},"3":{"name":"(anonymous_3)","decl":{"start":{"line":11,"column":12},"end":{"line":11,"column":13}},"loc":{"start":{"line":11,"column":20},"end":{"line":11,"column":39}},"line":11}},"branchMap":{"0":{"loc":{"start":{"line":7,"column":6},"end":{"line":9,"column":42}},"type":"binary-expr","locations":[{"start":{"line":7,"column":6},"end":{"line":7,"column":9}},{"start":{"line":7,"column":13},"end":{"line":9,"column":42}}],"line":7},"1":{"loc":{"start":{"line":10,"column":6},"end":{"line":10,"column":58}},"type":"binary-expr","locations":[{"start":{"line":10,"column":6},"end":{"line":10,"column":17}},{"start":{"line":10,"column":21},"end":{"line":10,"column":58}}],"line":10},"2":{"loc":{"start":{"line":11,"column":20},"end":{"line":11,"column":39}},"type":"cond-expr","locations":[{"start":{"line":11,"column":25},"end":{"line":11,"column":34}},{"start":{"line":11,"column":37},"end":{"line":11,"column":39}}],"line":11}},"s":{"0":8,"1":0,"2":0,"3":24},"f":{"0":8,"1":0,"2":0,"3":24},"b":{"0":[8,8],"1":[8,8],"2":[16,8]},"_coverageSchema":"1a1c01bbd47fc00a2c39e90264f33305004495a9","hash":"91b3ccc5c9071465ee2cd796d8d9e6e0f57f9c89"}
,"C:\\Users\\a1exss\\Documents\\Websites\\React-Course\\src\\shered\\lib\\tests\\componentRender.tsx": {"path":"C:\\Users\\a1exss\\Documents\\Websites\\React-Course\\src\\shered\\lib\\tests\\componentRender.tsx","statementMap":{"0":{"start":{"line":12,"column":31},"end":{"line":21,"column":1}},"1":{"start":{"line":13,"column":41},"end":{"line":13,"column":48}},"2":{"start":{"line":14,"column":3},"end":{"line":20,"column":4}}},"fnMap":{"0":{"name":"(anonymous_0)","decl":{"start":{"line":12,"column":31},"end":{"line":12,"column":32}},"loc":{"start":{"line":12,"column":93},"end":{"line":21,"column":1}},"line":12}},"branchMap":{"0":{"loc":{"start":{"line":12,"column":54},"end":{"line":12,"column":88}},"type":"default-arg","locations":[{"start":{"line":12,"column":86},"end":{"line":12,"column":88}}],"line":12},"1":{"loc":{"start":{"line":13,"column":25},"end":{"line":13,"column":36}},"type":"default-arg","locations":[{"start":{"line":13,"column":33},"end":{"line":13,"column":36}}],"line":13}},"s":{"0":1,"1":2,"2":2},"f":{"0":2},"b":{"0":[0],"1":[2]},"_coverageSchema":"1a1c01bbd47fc00a2c39e90264f33305004495a9","hash":"4cfa295a4d6014be7de8c9ef4ecff96b664597fb"}
,"C:\\Users\\a1exss\\Documents\\Websites\\React-Course\\src\\shered\\ui\\Button\\Button.tsx": {"path":"C:\\Users\\a1exss\\Documents\\Websites\\React-Course\\src\\shered\\ui\\Button\\Button.tsx","statementMap":{"0":{"start":{"line":14,"column":22},"end":{"line":20,"column":1}},"1":{"start":{"line":15,"column":3},"end":{"line":19,"column":4}}},"fnMap":{"0":{"name":"(anonymous_0)","decl":{"start":{"line":14,"column":22},"end":{"line":14,"column":23}},"loc":{"start":{"line":14,"column":86},"end":{"line":20,"column":1}},"line":14}},"branchMap":{},"s":{"0":1,"1":8},"f":{"0":8},"b":{},"_coverageSchema":"1a1c01bbd47fc00a2c39e90264f33305004495a9","hash":"1727a4a1a05d88faeff84e018edf2141f718ce7c"}
}
