TN:
SF:config\jest\jestEmptyComponent.tsx
FN:1,(anonymous_0)
FNF:1
FNH:1
FNDA:11,(anonymous_0)
DA:1,1
DA:2,11
LF:2
LH:2
BRF:0
BRH:0
end_of_record
TN:
SF:src\app\providers\StoreProvider\index.ts
FNF:0
FNH:0
LF:0
LH:0
BRF:0
BRH:0
end_of_record
TN:
SF:src\app\providers\StoreProvider\config\reducerManager.ts
FN:5,createReducerManager
FN:12,(anonymous_1)
FN:14,(anonymous_2)
FN:17,(anonymous_3)
FN:26,(anonymous_4)
FN:35,(anonymous_5)
FNF:6
FNH:2
FNDA:2,createReducerManager
FNDA:0,(anonymous_1)
FNDA:2,(anonymous_2)
FNDA:0,(anonymous_3)
FNDA:0,(anonymous_4)
FNDA:0,(anonymous_5)
DA:6,2
DA:8,2
DA:9,2
DA:11,2
DA:12,0
DA:15,2
DA:16,0
DA:17,0
DA:18,0
DA:20,0
DA:23,2
DA:27,0
DA:28,0
DA:31,0
DA:32,0
DA:36,0
DA:37,0
DA:40,0
DA:41,0
DA:42,0
LF:20
LH:6
BRDA:15,0,0,0
BRDA:15,0,1,2
BRDA:27,1,0,0
BRDA:27,1,1,0
BRDA:27,2,0,0
BRDA:27,2,1,0
BRDA:36,3,0,0
BRDA:36,3,1,0
BRDA:36,4,0,0
BRDA:36,4,1,0
BRF:10
BRH:1
end_of_record
TN:
SF:src\app\providers\StoreProvider\config\store.ts
FN:11,createReduxStore
FN:34,(anonymous_1)
FNF:2
FNH:2
FNDA:2,createReduxStore
FNDA:2,(anonymous_1)
DA:17,2
DA:23,2
DA:28,2
DA:30,2
DA:34,2
DA:42,2
DA:44,2
LF:7
LH:7
BRF:0
BRH:0
end_of_record
TN:
SF:src\app\providers\StoreProvider\schema\StateSchema.ts
FNF:0
FNH:0
LF:0
LH:0
BRF:0
BRH:0
end_of_record
TN:
SF:src\app\providers\StoreProvider\ui\StoreProvider.tsx
FN:13,(anonymous_0)
FNF:1
FNH:1
FNDA:2,(anonymous_0)
DA:13,1
DA:15,2
DA:16,2
DA:22,2
LF:4
LH:4
BRF:0
BRH:0
end_of_record
TN:
SF:src\app\providers\ThemeProvider\index.ts
FNF:0
FNH:0
LF:0
LH:0
BRF:0
BRH:0
end_of_record
TN:
SF:src\app\providers\ThemeProvider\config\ThemeContext.ts
FNF:0
FNH:0
DA:13,1
DA:15,1
LF:2
LH:2
BRF:0
BRH:0
end_of_record
TN:
SF:src\app\providers\ThemeProvider\lib\useTheme.ts
FN:9,useTheme
FN:12,(anonymous_1)
FNF:2
FNH:1
FNDA:2,useTheme
FNDA:0,(anonymous_1)
DA:10,2
DA:12,2
DA:13,0
DA:14,0
DA:15,0
DA:16,0
DA:19,2
LF:7
LH:3
BRDA:13,0,0,0
BRDA:13,0,1,0
BRDA:19,1,0,2
BRDA:19,1,1,2
BRF:4
BRH:2
end_of_record
TN:
SF:src\app\providers\ThemeProvider\ui\ThemeProvider.tsx
FN:11,(anonymous_0)
FN:14,(anonymous_1)
FNF:2
FNH:0
FNDA:0,(anonymous_0)
FNDA:0,(anonymous_1)
DA:4,1
DA:5,1
DA:11,1
DA:12,0
DA:14,0
DA:19,0
LF:6
LH:3
BRDA:4,0,0,1
BRDA:4,0,1,1
BRDA:12,1,0,0
BRDA:12,1,1,0
BRF:4
BRH:2
end_of_record
TN:
SF:src\entities\Counter\index.ts
FNF:0
FNH:0
LF:0
LH:0
BRF:0
BRH:0
end_of_record
TN:
SF:src\entities\Counter\model\selectors\getCounter\getCounter.ts
FN:3,(anonymous_0)
FNF:1
FNH:0
FNDA:0,(anonymous_0)
DA:3,1
LF:1
LH:1
BRF:0
BRH:0
end_of_record
TN:
SF:src\entities\Counter\model\selectors\getCounterValue\getCounterValue.ts
FN:6,(anonymous_0)
FNF:1
FNH:0
FNDA:0,(anonymous_0)
DA:4,1
DA:6,0
LF:2
LH:1
BRF:0
BRH:0
end_of_record
TN:
SF:src\entities\Counter\model\slice\counterSlice.ts
FN:16,(anonymous_0)
FN:19,(anonymous_1)
FNF:2
FNH:0
FNDA:0,(anonymous_0)
FNDA:0,(anonymous_1)
DA:8,1
DA:12,1
DA:17,0
DA:20,0
DA:27,1
DA:29,1
LF:6
LH:4
BRF:0
BRH:0
end_of_record
TN:
SF:src\entities\Counter\model\types\counterSchema.ts
FNF:0
FNH:0
LF:0
LH:0
BRF:0
BRH:0
end_of_record
TN:
SF:src\entities\Counter\ui\Counter.tsx
FN:7,(anonymous_0)
FN:12,(anonymous_1)
FN:15,(anonymous_2)
FNF:3
FNH:0
FNDA:0,(anonymous_0)
FNDA:0,(anonymous_1)
FNDA:0,(anonymous_2)
DA:7,1
DA:9,0
DA:10,0
DA:12,0
DA:13,0
DA:15,0
DA:16,0
DA:19,0
LF:8
LH:1
BRF:0
BRH:0
end_of_record
TN:
SF:src\entities\User\index.ts
FNF:0
FNH:0
LF:0
LH:0
BRF:0
BRH:0
end_of_record
TN:
SF:src\entities\User\model\selectors\getAuthData\getAuthData.ts
FN:3,(anonymous_0)
FNF:1
FNH:1
FNDA:6,(anonymous_0)
DA:3,6
LF:1
LH:1
BRF:0
BRH:0
end_of_record
TN:
SF:src\entities\User\model\slice\userSlice.ts
FN:17,(anonymous_0)
FN:20,(anonymous_1)
FN:27,(anonymous_2)
FNF:3
FNH:0
FNDA:0,(anonymous_0)
FNDA:0,(anonymous_1)
FNDA:0,(anonymous_2)
DA:9,1
DA:13,1
DA:18,0
DA:21,0
DA:22,0
DA:23,0
DA:24,0
DA:28,0
DA:29,0
DA:36,1
DA:38,1
LF:11
LH:4
BRDA:22,0,0,0
BRDA:22,0,1,0
BRDA:23,1,0,0
BRDA:23,1,1,0
BRF:4
BRH:0
end_of_record
TN:
SF:src\entities\User\model\types\userSchema.ts
FNF:0
FNH:0
LF:0
LH:0
BRF:0
BRH:0
end_of_record
TN:
SF:src\pages\AboutPage\index.ts
FNF:0
FNH:0
LF:0
LH:0
BRF:0
BRH:0
end_of_record
TN:
SF:src\pages\AboutPage\ui\AboutPage.async.tsx
FN:3,(anonymous_0)
FN:3,(anonymous_1)
FN:6,(anonymous_2)
FNF:3
FNH:0
FNDA:0,(anonymous_0)
FNDA:0,(anonymous_1)
FNDA:0,(anonymous_2)
DA:3,1
DA:6,0
LF:2
LH:1
BRF:0
BRH:0
end_of_record
TN:
SF:src\pages\MainPage\index.ts
FNF:0
FNH:0
LF:0
LH:0
BRF:0
BRH:0
end_of_record
TN:
SF:src\pages\MainPage\ui\MainPage.async.tsx
FN:3,(anonymous_0)
FN:3,(anonymous_1)
FN:6,(anonymous_2)
FNF:3
FNH:0
FNDA:0,(anonymous_0)
FNDA:0,(anonymous_1)
FNDA:0,(anonymous_2)
DA:3,1
DA:6,0
LF:2
LH:1
BRF:0
BRH:0
end_of_record
TN:
SF:src\pages\PageNotFound\index.ts
FNF:0
FNH:0
LF:0
LH:0
BRF:0
BRH:0
end_of_record
TN:
SF:src\pages\PageNotFound\ui\PageNotFound.tsx
FN:4,(anonymous_0)
FNF:1
FNH:0
FNDA:0,(anonymous_0)
DA:4,1
DA:5,0
LF:2
LH:1
BRF:0
BRH:0
end_of_record
TN:
SF:src\pages\ProfilePage\index.ts
FNF:0
FNH:0
LF:0
LH:0
BRF:0
BRH:0
end_of_record
TN:
SF:src\pages\ProfilePage\ui\ProfilePage.async.tsx
FN:3,(anonymous_0)
FN:3,(anonymous_1)
FN:6,(anonymous_2)
FNF:3
FNH:0
FNDA:0,(anonymous_0)
FNDA:0,(anonymous_1)
FNDA:0,(anonymous_2)
DA:3,1
DA:6,0
LF:2
LH:1
BRF:0
BRH:0
end_of_record
TN:
SF:src\shered\api\api.ts
FNF:0
FNH:0
DA:5,1
LF:1
LH:1
BRF:0
BRH:0
end_of_record
TN:
SF:src\shered\config\routeConfig\routeConfig.tsx
FNF:0
FNH:0
DA:20,1
DA:29,1
LF:2
LH:2
BRF:0
BRH:0
end_of_record
TN:
SF:src\shered\consts\localStorageKey.ts
FNF:0
FNH:0
DA:1,1
LF:1
LH:1
BRF:0
BRH:0
end_of_record
TN:
SF:src\shered\lib\classNames\classNames.ts
FN:3,classNames
FN:7,(anonymous_1)
FN:8,(anonymous_2)
FN:12,(anonymous_3)
FNF:4
FNH:4
FNDA:34,classNames
FNDA:21,(anonymous_1)
FNDA:7,(anonymous_2)
FNDA:27,(anonymous_3)
DA:5,34
DA:7,21
DA:8,7
DA:11,34
DA:12,27
DA:15,34
LF:6
LH:6
BRDA:5,0,0,34
BRDA:5,0,1,0
BRDA:11,1,0,16
BRDA:11,1,1,18
BRF:4
BRH:3
end_of_record
TN:
SF:src\shered\lib\tests\componentRender.tsx
FN:12,(anonymous_0)
FNF:1
FNH:1
FNDA:2,(anonymous_0)
DA:12,1
DA:13,2
DA:14,2
LF:3
LH:3
BRDA:12,0,0,2
BRDA:13,1,0,2
BRF:2
BRH:2
end_of_record
TN:
SF:src\shered\ui\AppLink\AppLink.tsx
FN:17,(anonymous_0)
FNF:1
FNH:1
FNDA:6,(anonymous_0)
DA:17,1
DA:19,6
LF:2
LH:2
BRDA:17,0,0,0
BRF:1
BRH:0
end_of_record
TN:
SF:src\shered\ui\Button\Button.tsx
FN:16,(anonymous_0)
FNF:1
FNH:1
FNDA:5,(anonymous_0)
DA:16,1
DA:17,5
LF:2
LH:2
BRDA:20,0,0,5
BRDA:20,0,1,0
BRF:2
BRH:1
end_of_record
TN:
SF:src\shered\ui\ThemeSwitcher\ThemeSwitcher.tsx
FN:13,(anonymous_0)
FNF:1
FNH:1
FNDA:2,(anonymous_0)
DA:13,1
DA:14,2
DA:15,2
LF:3
LH:3
BRDA:18,0,0,2
BRDA:18,0,1,0
BRF:2
BRH:1
end_of_record
TN:
SF:src\widgets\Sidebar\model\sidebarLinks.tsx
FNF:0
FNH:0
DA:13,1
LF:1
LH:1
BRF:0
BRH:0
end_of_record
TN:
SF:src\widgets\Sidebar\ui\AsideHeader\AsideHeader.tsx
FN:14,(anonymous_0)
FNF:1
FNH:1
FNDA:9,(anonymous_0)
DA:14,1
DA:16,9
DA:18,9
DA:19,3
DA:22,6
LF:5
LH:5
BRDA:18,0,0,3
BRDA:18,0,1,6
BRDA:18,1,0,9
BRDA:18,1,1,3
BRF:4
BRH:4
end_of_record
TN:
SF:src\widgets\Sidebar\ui\Asidebar\Sidebar.tsx
FN:15,(anonymous_0)
FN:19,(anonymous_1)
FN:20,(anonymous_2)
FN:25,(anonymous_3)
FNF:4
FNH:4
FNDA:3,(anonymous_0)
FNDA:1,(anonymous_1)
FNDA:1,(anonymous_2)
FNDA:9,(anonymous_3)
DA:15,1
DA:17,3
DA:19,3
DA:20,1
DA:23,3
DA:26,9
LF:6
LH:6
BRDA:30,0,0,2
BRDA:30,0,1,1
BRF:2
BRH:2
end_of_record
